# JRE version: Java(TM) SE Runtime Environment 18.9 (11.0.15+8) (build 11.0.15+8-LTS-149)
# Java VM: Java HotSpot(TM) 64-Bit Server VM 18.9 (11.0.15+8-LTS-149, mixed mode, tiered, compressed oops, g1 gc, windows-amd64)
Heap:
 garbage-first heap   total 96256K, used 44213K [0x00000000a2200000, 0x0000000100000000)
  region size 1024K, 16 young (16384K), 3 survivors (3072K)
 Metaspace       used 30428K, capacity 31134K, committed 31408K, reserved 1077248K
  class space    used 3505K, capacity 3791K, committed 3840K, reserved 1048576K
GC Heap History (8 events):
Event: 0.948 GC heap before
{Heap before GC invocations=0 (full 0):
 garbage-first heap   total 96256K, used 23552K [0x00000000a2200000, 0x0000000100000000)
  region size 1024K, 24 young (24576K), 0 survivors (0K)
 Metaspace       used 10963K, capacity 11174K, committed 11392K, reserved 1058816K
  class space    used 1060K, capacity 1127K, committed 1152K, reserved 1048576K
}
Event: 0.955 GC heap after
{Heap after GC invocations=1 (full 0):
 garbage-first heap   total 96256K, used 7019K [0x00000000a2200000, 0x0000000100000000)
  region size 1024K, 3 young (3072K), 3 survivors (3072K)
 Metaspace       used 10963K, capacity 11174K, committed 11392K, reserved 1058816K
  class space    used 1060K, capacity 1127K, committed 1152K, reserved 1048576K
}
Event: 2.397 GC heap before
{Heap before GC invocations=1 (full 0):
 garbage-first heap   total 96256K, used 60267K [0x00000000a2200000, 0x0000000100000000)
  region size 1024K, 55 young (56320K), 3 survivors (3072K)
 Metaspace       used 19325K, capacity 19725K, committed 19840K, reserved 1067008K
  class space    used 1998K, capacity 2138K, committed 2176K, reserved 1048576K
}
Event: 2.407 GC heap after
{Heap after GC invocations=2 (full 0):
 garbage-first heap   total 96256K, used 11903K [0x00000000a2200000, 0x0000000100000000)
  region size 1024K, 7 young (7168K), 7 survivors (7168K)
 Metaspace       used 19325K, capacity 19725K, committed 19840K, reserved 1067008K
  class space    used 1998K, capacity 2138K, committed 2176K, reserved 1048576K
}
Event: 2.564 GC heap before
{Heap before GC invocations=2 (full 0):
 garbage-first heap   total 96256K, used 21119K [0x00000000a2200000, 0x0000000100000000)
  region size 1024K, 17 young (17408K), 7 survivors (7168K)
 Metaspace       used 20727K, capacity 21090K, committed 21296K, reserved 1069056K
  class space    used 2188K, capacity 2337K, committed 2432K, reserved 1048576K
}
Event: 2.573 GC heap after
{Heap after GC invocations=3 (full 0):
 garbage-first heap   total 96256K, used 12589K [0x00000000a2200000, 0x0000000100000000)
  region size 1024K, 1 young (1024K), 1 survivors (1024K)
 Metaspace       used 20727K, capacity 21090K, committed 21296K, reserved 1069056K
  class space    used 2188K, capacity 2337K, committed 2432K, reserved 1048576K
}
Event: 4.069 GC heap before
{Heap before GC invocations=4 (full 0):
 garbage-first heap   total 96256K, used 45357K [0x00000000a2200000, 0x0000000100000000)
  region size 1024K, 33 young (33792K), 1 survivors (1024K)
 Metaspace       used 27785K, capacity 28478K, committed 28720K, reserved 1075200K
  class space    used 3139K, capacity 3417K, committed 3456K, reserved 1048576K
}
Event: 4.073 GC heap after
{Heap after GC invocations=5 (full 0):
 garbage-first heap   total 96256K, used 14517K [0x00000000a2200000, 0x0000000100000000)
  region size 1024K, 3 young (3072K), 3 survivors (3072K)
 Metaspace       used 27785K, capacity 28478K, committed 28720K, reserved 1075200K
  class space    used 3139K, capacity 3417K, committed 3456K, reserved 1048576K
}

