# JRE version: Java(TM) SE Runtime Environment 18.9 (11.0.15+8) (build 11.0.15+8-LTS-149)
# Java VM: Java HotSpot(TM) 64-Bit Server VM 18.9 (11.0.15+8-LTS-149, mixed mode, tiered, compressed oops, g1 gc, windows-amd64)
Heap:
 garbage-first heap   total 96256K, used 48584K [0x00000000a2200000, 0x0000000100000000)
  region size 1024K, 20 young (20480K), 3 survivors (3072K)
 Metaspace       used 31118K, capacity 31864K, committed 32048K, reserved 1077248K
  class space    used 3590K, capacity 3908K, committed 3968K, reserved 1048576K
GC Heap History (8 events):
Event: 1.355 GC heap before
{Heap before GC invocations=0 (full 0):
 garbage-first heap   total 96256K, used 23552K [0x00000000a2200000, 0x0000000100000000)
  region size 1024K, 24 young (24576K), 0 survivors (0K)
 Metaspace       used 11058K, capacity 11238K, committed 11392K, reserved 1058816K
  class space    used 1070K, capacity 1127K, committed 1152K, reserved 1048576K
}
Event: 1.363 GC heap after
{Heap after GC invocations=1 (full 0):
 garbage-first heap   total 96256K, used 7240K [0x00000000a2200000, 0x0000000100000000)
  region size 1024K, 3 young (3072K), 3 survivors (3072K)
 Metaspace       used 11058K, capacity 11238K, committed 11392K, reserved 1058816K
  class space    used 1070K, capacity 1127K, committed 1152K, reserved 1048576K
}
Event: 2.748 GC heap before
{Heap before GC invocations=1 (full 0):
 garbage-first heap   total 96256K, used 60488K [0x00000000a2200000, 0x0000000100000000)
  region size 1024K, 55 young (56320K), 3 survivors (3072K)
 Metaspace       used 19363K, capacity 19725K, committed 19840K, reserved 1067008K
  class space    used 1999K, capacity 2138K, committed 2176K, reserved 1048576K
}
Event: 2.759 GC heap after
{Heap after GC invocations=2 (full 0):
 garbage-first heap   total 96256K, used 11853K [0x00000000a2200000, 0x0000000100000000)
  region size 1024K, 7 young (7168K), 7 survivors (7168K)
 Metaspace       used 19363K, capacity 19725K, committed 19840K, reserved 1067008K
  class space    used 1999K, capacity 2138K, committed 2176K, reserved 1048576K
}
Event: 2.881 GC heap before
{Heap before GC invocations=2 (full 0):
 garbage-first heap   total 96256K, used 21069K [0x00000000a2200000, 0x0000000100000000)
  region size 1024K, 17 young (17408K), 7 survivors (7168K)
 Metaspace       used 20731K, capacity 21090K, committed 21296K, reserved 1069056K
  class space    used 2188K, capacity 2337K, committed 2432K, reserved 1048576K
}
Event: 2.889 GC heap after
{Heap after GC invocations=3 (full 0):
 garbage-first heap   total 96256K, used 12784K [0x00000000a2200000, 0x0000000100000000)
  region size 1024K, 1 young (1024K), 1 survivors (1024K)
 Metaspace       used 20731K, capacity 21090K, committed 21296K, reserved 1069056K
  class space    used 2188K, capacity 2337K, committed 2432K, reserved 1048576K
}
Event: 4.385 GC heap before
{Heap before GC invocations=4 (full 0):
 garbage-first heap   total 96256K, used 46576K [0x00000000a2200000, 0x0000000100000000)
  region size 1024K, 34 young (34816K), 1 survivors (1024K)
 Metaspace       used 27922K, capacity 28638K, committed 28720K, reserved 1075200K
  class space    used 3150K, capacity 3449K, committed 3456K, reserved 1048576K
}
Event: 4.389 GC heap after
{Heap after GC invocations=5 (full 0):
 garbage-first heap   total 96256K, used 14792K [0x00000000a2200000, 0x0000000100000000)
  region size 1024K, 3 young (3072K), 3 survivors (3072K)
 Metaspace       used 27922K, capacity 28638K, committed 28720K, reserved 1075200K
  class space    used 3150K, capacity 3449K, committed 3456K, reserved 1048576K
}

